<?xml version="1.0" encoding="UTF-8"?>
<!-- Generated by org.testng.reporters.JUnitXMLReporter -->
<testsuite ignored="4" hostname="DESKTOP-12VNEQH" failures="0" tests="7" name="Test1" time="0.454" errors="0" timestamp="2022-06-12T15:50:19 IST">
  <testcase classname="com.crm.testScript.ProgramTest" name="dress" time="0.075"/>
  <testcase classname="com.crm.testScript.Program1Test" name="addTstartt" time="0.005"/>
  <testcase classname="com.crm.testScript.Program1Test" name="dreschange" time="0.019"/>
  <testcase classname="com.crm.testScript.Program1Test" name="menSection" time="0.003"/>
  <testcase classname="com.crm.testScript.program2Test" name="addTocart" time="0.004"/>
  <testcase classname="com.crm.testScript.program2Test" name="dress" time="0.011"/>
  <testcase classname="com.crm.testScript.program2Test" name="menswear" time="0.011"/>
  <testcase classname="genericUtility.BaseClass" name="@BeforeSuite bsconfig" time="0.0">
    <ignored/>
  </testcase> <!-- @BeforeSuite bsconfig -->
  <testcase classname="genericUtility.BaseClass" name="@BeforeSuite bsconfig" time="0.0">
    <ignored/>
  </testcase> <!-- @BeforeSuite bsconfig -->
  <testcase classname="genericUtility.BaseClass" name="@AfterSuite classAfter" time="0.0">
    <ignored/>
  </testcase> <!-- @AfterSuite classAfter -->
  <testcase classname="genericUtility.BaseClass" name="@AfterSuite classAfter" time="0.0">
    <ignored/>
  </testcase> <!-- @AfterSuite classAfter -->
</testsuite> <!-- Test1 -->
