<?xml version="1.0" encoding="UTF-8"?>
<!-- Generated by org.testng.reporters.JUnitXMLReporter -->
<testsuite ignored="4" hostname="DESKTOP-12VNEQH" failures="0" tests="2" name="Test" time="0.19" errors="0" timestamp="2022-06-12T14:36:21 IST">
  <testcase classname="com.crm.testScript.ProgramTest" name="dress" time="0.015"/>
  <testcase classname="com.crm.testScript.Program1Test" name="menSection" time="0.009"/>
  <testcase classname="com.crm.testScript.Program1Test" name="dreschange" time="0.0">
    <ignored/>
  </testcase> <!-- dreschange -->
  <testcase classname="com.crm.testScript.Program1Test" name="addTstartt" time="0.0">
    <ignored/>
  </testcase> <!-- addTstartt -->
  <testcase classname="genericUtility.BaseClass" name="@BeforeSuite bsconfig" time="0.0">
    <ignored/>
  </testcase> <!-- @BeforeSuite bsconfig -->
  <testcase classname="genericUtility.BaseClass" name="@AfterSuite classAfter" time="0.0">
    <ignored/>
  </testcase> <!-- @AfterSuite classAfter -->
</testsuite> <!-- Test -->
